==========================================
[DEBUG SLURM] Hostname: ruche-gpu03.cluster
[DEBUG SLURM] Working directory: /gpfs/workdir/fernandeda/continual_learning
[DEBUG SLURM] Python: /gpfs/workdir/fernandeda/conda_envs/continual_learning/bin/python
[DEBUG SLURM] CUDA_VISIBLE_DEVICES: 0
==========================================
Fri Dec 12 21:26:40 2025       
+---------------------------------------------------------------------------------------+
| NVIDIA-SMI 535.104.05             Driver Version: 535.104.05   CUDA Version: 12.2     |
|-----------------------------------------+----------------------+----------------------+
| GPU  Name                 Persistence-M | Bus-Id        Disp.A | Volatile Uncorr. ECC |
| Fan  Temp   Perf          Pwr:Usage/Cap |         Memory-Usage | GPU-Util  Compute M. |
|                                         |                      |               MIG M. |
|=========================================+======================+======================|
|   0  Tesla V100-PCIE-32GB           On  | 00000000:2F:00.0 Off |                    0 |
| N/A   31C    P0              25W / 250W |      0MiB / 32768MiB |      0%      Default |
|                                         |                      |                  N/A |
+-----------------------------------------+----------------------+----------------------+
                                                                                         
+---------------------------------------------------------------------------------------+
| Processes:                                                                            |
|  GPU   GI   CI        PID   Type   Process name                            GPU Memory |
|        ID   ID                                                             Usage      |
|=======================================================================================|
|  No running processes found                                                           |
+---------------------------------------------------------------------------------------+
[DEBUG PY] torch: /gpfs/workdir/fernandeda/conda_envs/continual_learning/lib/python3.9/site-packages/torch/__init__.py
[DEBUG PY] version: 2.6.0+cu124
[DEBUG PY] cuda available: True
[DEBUG PY] cuda count: 1
[DEBUG PY] visible: 0
Loading and Splitting CIFAR-10...
Task A (Classes 0-4): 25000 samples
Task B (Classes 5-9): 25000 samples

==================== EXPERIMENT 1: Full Fine-Tuning (The Baseline) ====================
Training Full Model on Task A...
{'loss': 0.4598, 'learning_rate': 4.936061381074169e-05, 'epoch': 0.06}
{'loss': 0.0673, 'learning_rate': 4.872122762148338e-05, 'epoch': 0.13}
{'loss': 0.0452, 'learning_rate': 4.8081841432225067e-05, 'epoch': 0.19}
{'loss': 0.0466, 'learning_rate': 4.7442455242966755e-05, 'epoch': 0.26}
{'loss': 0.0484, 'learning_rate': 4.680306905370844e-05, 'epoch': 0.32}
{'loss': 0.039, 'learning_rate': 4.616368286445013e-05, 'epoch': 0.38}
